Alakhani        634538302       125
Adagio          835             2  
Akirian         0               1  
Argon           0               1  
Aelle           397             1  
Alex            3699            4  
Argil           2355            4  
Ainee           52731           10 
Autumn          248             13 
Axel            99470           8  
Ansuil          0               1  
Aahz            9109690         38 
Anuff           0               1  
Aleth           314524          18 
Akira           9497            9  
Aldur           810             1  
Anth            56              18 
Ander           0               1  
Aekorii         0               1  
Alfgeir         0               0  
Aion            0               1  
Atreus          0               7  
Arkadie         810             1  
Alewe           178             3  
Andia           0               1  
Aegis           809             1  
Abu             0               3  
Atticus         11018840        43 
Ace             0               1  
Advocate        0               1  
Adron           1082            3  
Armitheinn      1610003         26 
Asdf            32343           56 
Aristo          0               1  
Ankhar          0               1  
Azrack          0               1  
Andrucros       20              7  
Aneria          0               2  
Aroth           178             1  
Alexa           2379            14 
Aria            9               15 
Alix            810             1  
Adjir           2216            5  
Asmodia         0               0  
Athalius        810             1  
Atoyo           13660628        46 
Armillion       255847          60 
Areinh          0               2  
Atlas           81158405        82 
Arcadio         7164897         52 
Albert          27659181        70 
Asheley         350493          16 
Alanon          1892            7  
Alucard         401331          32 
Aratso          218558          15 
Adrian          40              4  
Axl             1136            30 
Avi             0               1  
Amphora         84288           15 
Aragon          274634          46 
Alt             8918            6  
Adranos         810             1  
Ariana          967216          22 
Arba            20023203        49 
Arter           54              1  
Aboldbond       0               1  
Alcuraid        0               1  
Addaon          2458            3  
AdAmant         810             1  
Arianna         4881513         41 
Asaroth         2958            4  
Akuma           56258           14 
Agnol           0               18 
arken           13681537        60 
Armonious       152116          20 
Armand          0               1  
Aragones        0               1  
Aolaf           0               3  
Ashloc          0               1  
Asmodean        1010            3  
Azula           21263           9  
Atsuma          0               3  
Ashven          0               1  
Aloric          120             2  
Arya            137704          13 
Axe             0               1  
Aleza           30312           8  
Ankit           0               1  
Anthis          66              1  
Adun            51278798        125
Asche           1736248         23 
Alfred          0               1  
Alik            0               0  
Alvogyl         810             1  
Andy            170306015       114
Aeon            146206          27 
Atakah          1034399         52 
Arkaedis        0               1  
Azazel          46              2  
Alerik          86              3  
Asher           0               1  
Aru             0               3  
Aleister        0               1  
Alexia          3699            4  
Antigo          0               1  
Brooklyn        134             2  
Blur            99679995        125
Bippon          0               1  
Besbin          13025838        54 
Bloodstar       406             2  
Baldin          0               3  
Bella           320570          20 
Brianna         0               3  
Bester          22692023        68 
Bree            2699            3  
Blonk           0               1  
Bioc            5601306         67 
Bigie           0               1  
Bedsack         17681732        76 
Bryeferd        0               1  
Blin            260462309       124
Bloodguard      0               1  
Barishi         51206           10 
Brittany        29390           6  
Bratak          0               1  
Blayne          0               1  
Baldy           97931           27 
Bungle          10418400        125
Bannon          0               1  
Bradio          1216709         23 
Bozkurt         52              3  
Blaze           1739853         23 
Beo             0               1  
Brue            368             7  
Berserk         32738           17 
Bot             0               3  
Blot            58359           13 
Babs            0               3  
Bigman          85832           13 
Bruno           266415746       125
Brutus          8118510         52 
Blotter         516880          27 
Bandi           0               1  
Bless           6255899         31 
Betch           43806659        74 
Blane           2979538         39 
Barok           0               1  
Bacchanal       452             3  
Bronx           11294           12 
Blaise          6085740         48 
Bayne           3516282         28 
Baldwin         105476          12 
Beu             11573267        52 
Blacktree       810             1  
Burrich         0               22 
Beril           0               0  
Bryamda         2885173         33 
Boris           0               1  
Bradley         68783           49 
Brody           7808590         43 
Brona           6               13 
Barakan         0               1  
Bloran          0               1  
Blaren          64366           10 
Buan            0               18 
Balin           1199            7  
Bink            27363594        62 
Bruschi         1335            6  
Bevyan          799             2  
Bzaz            1053            2  
BobAnderson     0               1  
Brilmkent       0               1  
Boggle          0               1  
Bonez           0               0  
Bengus          810             1  
BelArk          2958701         57 
Bloodline       0               1  
Bourtai         12938           11 
Betrag          9655            7  
Briza           708191          21 
Bieraena        103             2  
BlackThought    0               0  
ChakMuleG       0               1  
Ceran           0               255
Cathryne        37              2  
ChakMuleE       0               1  
Calendrik       0               0  
Charisma        103206          8  
Crossduke       1422            3  
Catalina        5889936         59 
Cassima         66686           10 
Cacu            0               1  
Chareos         270             2  
Casanova        0               1  
Cauvin          5               125
ChakMuleC       0               1  
Corra           0               1  
Craig           0               1  
Chalas          110648          13 
Chackal         53278300        80 
Caboose         809             1  
Cletus          3700            10 
Ciroc           0               1  
Capo            0               3  
Coda            810             1  
Crusk           152             1  
Chrysostom      810             1  
Cuoris          810             1  
Crusher         10              21 
CeridwenSidhe   9               3  
Caynan          0               1  
Counch          86              1  
Carnia          49              5  
Cragmar         2246            4  
ChakMuleB       0               1  
ChakMuleF       0               1  
Cstef           435             7  
Chease          682             3  
Chitara         2780585         33 
Conan           0               1  
Colette         0               0  
Conrad          132             1  
Casseene        8579            5  
Chardak         998             3  
Cain            0               125
Cyron           219             2  
Cadden          94              1  
Chrono          72658793        100
Cudget          0               1  
Chessolin       2040441         23 
Crystoph        1229799         24 
Cyril           490149          22 
Chakmuled       0               1  
Corbin          0               1  
Cinna           0               1  
Cillan          0               1  
Cads            22537217        71 
Casstiel        0               1  
Cire            4495            5  
ChakMuleA       0               3  
Chekhu          200             2  
Criss           12              11 
Cerrenous       14729           13 
ChakMuleH       0               1  
Canna           1690347         21 
Chance          0               1  
Crales          134             2  
Cobain          674338137       125
Dristol         0               1  
Drachir         10099999        125
Derek           86              2  
Dakien          0               1  
Daos            2681738         27 
Dustbin         4163499         28 
Dagrim          89              2  
Deathshayde     172799          12 
Demosk          0               1  
Doc             42206           10 
Darthmore       0               1  
Dakarba         11199349        51 
Dibzva          232             2  
Draevora        118             1  
Desirae         790             2  
Durin           10347           5  
Dryn            0               1  
Demitry         110             3  
Dalroth         613040          28 
Deoxys          348             2  
Dody            0               1  
Durza           810             1  
Devendra        0               1  
DeMonte         89182           10 
Darius          226             3  
Devian          308             2  
Dak             2679            4  
Ducky           0               1  
Duckie          39234           12 
Detty           10              37 
Deogi           0               1  
Delete          0               1  
Dimant          4599            9  
Dijante         0               125
Duckman         0               2  
Dayfus          0               1  
Doffy           810             1  
Daku            67677048        87 
Daylin          45600           1  
Durak           0               0  
Demortes        810             1  
Darvon          0               0  
Darklord        0               1  
Davion          7847            7  
Donivan         0               1  
Doomkiss        0               6  
Dor             1226595         52 
Dar             14609           5  
Dashed          810             1  
Darb            7449043         42 
Drphil          0               1  
Doomskull       1698            3  
Dragonis        0               1  
Dahahambra      158             1  
Delgora         0               1  
Dyrsse          0               2  
Durden          25668           8  
Dash            1137068         23 
Derp            0               1  
Darinth         47              22 
Drieth          6100            7  
Dok             0               1  
Daine           656992          41 
Dreamer         0               1  
Dewar           0               3  
Davinxo         0               1  
Digg            0               1  
Duce            800             2  
Daemeon         8138305         52 
Drumm           0               1  
Derago          12471908        2  
Dracc           56              3  
Deusgrego       0               5  
Dameon          3320099         25 
Deathwish       611             51 
Dy              0               1  
Derog           0               3  
Darksquall      7091            10 
Eddie           203170708       96 
Einoth          810             1  
Eqhold          140             1  
Exile           8819            5  
EnderWiggin     809             3  
Ender           16530           6  
Elvung          0               1  
Ember           39272066        62 
Elijah          0               1  
Elrin           67265978        89 
Exit            0               0  
Edward          8518965         105
Eol             141769          25 
Epic            0               1  
Esper           71371180        76 
Eris            3543            6  
Elian           277003682       115
Erukhal         1716            4  
Elbereth        116471          10 
Elg             810             1  
Eragon          1713            5  
Eralyn          12377           11 
Elmar           21238101        77 
Ethrane         8246            7  
Erking          810             1  
Elysia          0               1  
Eryn            0               1  
ElvenFall       0               0  
Edy             9618            5  
Ellessar        0               1  
Espers          69926193        76 
Eina            810             1  
Eladhan         0               1  
Ein             132             2  
Earrilion       9579            5  
Estoldac        0               1  
Elyas           327463          20 
Evgenius        0               1  
Erilyn          68              1  
Evol            29710           255
Eriis           727             5  
Egvaard         810             1  
Ed              337113          14 
Fred            0               47 
FoxCedar        1928            3  
Freddick        18830           7  
Freeze          3233992         38 
FountainMonkey  15620           125
Fuchang         0               1  
Finisterra      0               1  
Fossmnn         0               1  
FLoWeR          674338137       125
Fenyr           0               1  
Feyd            0               1  
FROGGY          21699           9  
Flyingphoenix   70              1  
Fral            21499           6  
Fubar           63230431        96 
Frustio         110             2  
Ford            810             1  
Fisty           0               1  
Forane          36058           7  
Forf            0               1  
Fenrir          417312          27 
Finn            70417           16 
Ferret          810             1  
Feenat          771453          31 
Farahd          0               1  
Fetylum         0               1  
Fizban          0               1  
flaun           7091043         93 
Favian          0               1  
Galrak          82              1  
Goldmoon        8389567         40 
Giga            0               1  
Glennis         2699            3  
GUTS            409599          16 
Garth           0               2  
Geraci          11781           8  
Grunk           0               1  
Ganker          0               1  
Gax             11120408        47 
Grummore        39              22 
Glider          10291           6  
Galadriel       810             1  
Ged             0               3  
Galian          0               1  
Gorum           10908069        23 
Granola         0               1  
Grinch          0               125
Garovin         0               1  
Ginevra         172799          12 
Garrett         0               1  
GangsteR        124800          1  
Gleaken         0               1  
Gorman          2670390         6  
Gerin           34299           7  
Gungnir         3374600         24 
Groo            8188204         55 
Grimner         789             3  
Guru            0               3  
Gadget          17415           6  
Ghaleon         220285          22 
Gardevior       78              2  
Gambit          584             2  
Gabrial         33370           8  
Gondual         810             1  
G               0               1  
Gaetz           1066            8  
Galy            84468           10 
Garret          1903422         24 
Greel           8               2  
Galbatorix      0               0  
Garath          3635312         40 
Gragnuk         765600          35 
Gerrick         1563            6  
Grunthos        162             2  
Ganja           22345657        57 
Gangrel         810             1  
Gomen           165223          14 
Glitch          24791           8  
Goofspawn       810             1  
Galdur          1708972         39 
Godzilla        0               1  
Glistenheath    0               1  
Gant            0               1  
Glabatrix       0               1  
Gilgor          102             2  
Glandu          810             1  
Gigas           29              6  
Gwythar         442642          18 
Greyth          16600899        36 
Ghull           0               1  
Geskius         0               1  
Greenough       0               1  
George          55788           8  
Gigssa          0               1  
Ginhyun         415             1  
Gwaihir         326138          255
Grandgray       238             1  
Gage            103207          9  
Guest           0               1  
Gowen           0               1  
Geromino        31308           7  
Grune           0               1  
Gorgok          0               1  
Guado           0               1  
Grim            130821          25 
Grymuk          118             2  
Galsum          153741          16 
Genemx          0               1  
Ganz            10              12 
Ghyr            0               18 
Geneb           959430          255
Galagros        414550          19 
HaddoGei        0               1  
Hap             0               1  
Hassan          0               1  
Hedi            327346          16 
Helmet          3697750         100
Handitark       250             2  
Hoopla          0               4  
Hencia          404456          18 
Hynden          0               3  
Hannah          0               1  
Herbert         528             1  
Hanzo           4797            32 
Haseo           113300          9  
Heero           809             1  
Hutch           0               1  
Hood            42190           16 
Helter          13499900        32 
Harse           1096178         19 
Hoser           656             2  
Hand            124099          8  
Heath           810             1  
Hadji           83              2  
Hitokiri        790             2  
Hoss            0               1  
Heretic         0               1  
Hourn           0               3  
Hova            6399            4  
Huck            4082            4  
Hodge           232             1  
Healy           6526088         34 
Hope            19586720        125
Huggle          0               3  
Heals           8393318         46 
Hesha           454             3  
Hikami          1288            3  
Husk            72457200        30 
Howdy           1098            3  
Highlander      799             2  
Hrathon         0               1  
Hark            0               1  
Hgjhgj          0               1  
Helios          95446           9  
Harrier         3212221303      255
Hrung           0               3  
Houdini         35098           11 
Haplo           26338058        255
Hereward        0               1  
Ishade          0               1  
Ingryl          629649          27 
ix              2               255
Ichthion        94544           10 
Iago            4482896         36 
Iris            0               1  
Islandor        0               1  
Igneon          19340           7  
Imaldren        0               1  
Isis            810             1  
Inik            2200060         76 
Ilario          1036910         34 
Ingo            0               1  
It              0               1  
Ithilis         985             2  
Inuyash         370             10 
Issus           797319          29 
Irrylath        1574299         23 
Itogo           3455610         1  
Jarma           162708          20 
Jalava          0               1  
Jubei           0               1  
Jul             810             1  
Jerlayne        0               255
Jono            222             1  
Jared           82              1  
JoeB            0               1  
Janis           20              8  
Jenna           54              1  
Jeid            0               1  
Jieran          0               15 
Jaedin          1308196         65 
Juglar          0               1  
Jason           16338409        72 
Jut             0               1  
Jenx            0               1  
Jolly           0               1  
Jaclo           0               1  
Jarek           0               0  
Jasonmh         249390          17 
Jesan           0               1  
Jarax           0               1  
Juno            5576            4  
Joker           0               44 
JethroTull      318500          5  
Justarius       0               1  
Jiri            0               1  
Jerrica         25903           8  
Javokdin        10337798        69 
Jimmy           61991           14 
Justin          810             1  
Jessamy         6083            23 
Jaiken          0               1  
Jarabe          10              7  
Jafo            781630          25 
Jaggle          46076           12 
Justice         220030          14 
Jullic          0               1  
Julio           0               1  
Jebu            0               1  
Jerro           220             2  
Jean            22135735        54 
Jubai           20              15 
Kaya            0               3  
Kaleen          277244          22 
Karlanthis      0               3  
Kolin           651741          18 
Kalis           1483790         28 
Krane           656135          30 
Kaanite         0               1  
Kottt           0               1  
Kagome          143350          13 
Korg            0               1  
Knishi          0               1  
Kallis          2699            3  
Kongfusi        0               1  
Kalen           348231          30 
Kelos           24              1  
Kethrill        3105            3  
Kirar           630             2  
Kale            0               3  
Knowledge       41497169        113
Karakou         3779            4  
Kovax           0               1  
Klypto          0               1  
Kitt            0               1  
Kaylan          120             1  
Kain            0               50 
Krum            810             1  
Kyndig          2949231         43 
Kyo             810             1  
Kamikadze       0               1  
Kratos          6763367         65 
Khis            0               1  
Khoda           468190          24 
Kadven          0               1  
Khing           761173          28 
Kashna          0               3  
Kylen           12499           5  
Kat             1326099         31 
Kreen           17328           4  
Korax           934448          22 
Krynn           4490556         47 
Kell            2599099         23 
Kasha           112             1  
Kailynn         21727           9  
Kumquat         44515           12 
Kethriana       588951          20 
Keiron          0               0  
Koric           3177939         28 
Karn            106             1  
Kiana           799             4  
Keron           0               1  
Knivhel         0               3  
Kalim           2979099         31 
Kyrius          0               1  
Korak           0               1  
Karad           2188            4  
Kaybe           810             1  
Kengar          1086            4  
Keopx           0               1  
Kaylus          0               1  
Kou             1302            25 
Kasir           0               1  
Krin            160063          17 
Krache          7386040         40 
Kitiana         0               1  
Kali            0               2  
Kyle            810             1  
Katja           15236           17 
Kong            109569          12 
Kazin           0               1  
Kensei          3158090         71 
Keldar          5046748         45 
Kalisto         0               1  
Kott            1885200         1  
Kathon          8884            4  
Kayla           3240            4  
Kayalyne        809             1  
Krash           5660070         5  
Korin           249296          11 
Lainee          1570            11 
Lohke           0               1  
Laksha          3379            5  
Lucien          282             3  
Lockhart        0               1  
Lolaso          0               0  
Lyxen           0               1  
Lang            132177907       95 
Lionhart        0               3  
Lastat          48              1  
Lotik           195099          26 
Luna            9099            3  
Leden           21              225
Lordekai        0               3  
Lumi            348097          22 
Laguna          96317           22 
Lanon           78              2  
Legonaire       0               8  
Lexium          275             1  
Luctius         810             1  
Loret           0               1  
Lunar           19170           7  
Lucifer         189113319       124
Lina            0               1  
Lytol           79107           19 
Lux             362             6  
Lore            49763415        85 
Lex             21232           6  
Leon            799             2  
Lexon           2018            3  
Lavitz          0               33 
Lelai           416             2  
LaShank         13329879        52 
Lyeumshyperban  114             1  
Link            0               4  
Lichy           0               3  
Ling            8138458         41 
Lionheart       19990           20 
Liria           0               3  
Lagardere       0               1  
Linwe           2339            2  
Leto            1206            3  
Leucetios       810             1  
Lokios          0               1  
Love            10              7  
Lister          53306568        64 
Lantis          4947735         5  
Lynna           240             3  
Lilly           0               1  
Logrus          31127           11 
Lorindel        971             5  
Lizzi           266681          18 
Liart           24048787        67 
Luminare        810             1  
Lluth           139985          13 
Leko            348             1  
Lorcan          102             2  
Leiria          66270           11 
Loredrama       1797            22 
Luzhin          30019891        54 
Lowky           435             2  
Laggy           268669          22 
Larry           0               1  
Leech           0               3  
Landon          0               1  
Lanku           0               2  
Liareth         2526            3  
Leniz           190             1  
Lummer          0               3  
Louie           0               1  
Mallune         1               255
Mattheu         0               3  
Minun           148781          10 
Mtenda          0               1  
Magius          554             6  
Monkitymonk     1053600         1  
Moonfyre        598             2  
Mac             39825           12 
Melunu          2418            4  
Me              810             1  
Mesias          810             1  
Marec           0               0  
Mairead         2281499         22 
Micah           0               0  
Magnus          0               1  
Maria           0               79 
Mystical        0               3  
Merit           11094499        42 
Minibot         1067            38 
Molot           787485          21 
Moontouched     140             1  
Mrail           0               0  
Mondo           10529687        50 
Mutoog          0               1  
Miridia         265055          15 
Montolio        809             1  
Mortal          93594           15 
Maestro         174777          13 
Morhcin         10842           5  
Maldach         0               1  
Myst            34299           7  
Merliton        13434           13 
Mallik          0               1  
Mamace          12499           5  
Maarek          36609           8  
Memyself        810             1  
Maxximus        1577678         47 
Mouser          1990899         22 
Mantis          5496158         28 
Missy           9092881         54 
Milamber        49011           17 
Mirian          5146970         50 
Maxx            927944          46 
Mister          0               1  
Miette          810             1  
Mobius          0               2  
Malkier         1537849         24 
Mentalist       2541253         32 
Marcia          0               1  
Mercy           0               1  
Maquina         4019899         23 
Mardigan        408             3  
Macha           7487756         57 
Meteorboy       0               1  
Mulie           0               1  
Melody          18335           30 
Modi            281063017       113
Mikey           10086680        76 
Mithra          725294          25 
Mara            96573           13 
Mariko          0               1  
Moiraine        0               255
Marla           202             1  
Malbog          0               0  
Morn            810             1  
Mugo            1508121         46 
Marham          490             2  
Mart            0               1  
Myridden        810             1  
Marwancito      0               1  
Meribbas        4149            11 
Manix           0               1  
Mishka          1492            5  
Mito            0               1  
Meharp          120             3  
Merlyn          257974244       123
Mavisto         94315           11 
Mkai            0               1  
Morden          368             3  
Merric          0               1  
Mazim           3446            11 
McGrady         0               3  
Matal           305899          11 
Malyki          0               1  
Morion          0               1  
Mofer           1602            10 
Marwan          0               1  
Maldorik        0               1  
Mal             154065547       95 
Marcio          0               1  
Melune          60              1  
MrCodeE         26              1  
Makaw           160             1  
Meadowlark      5461            5  
Nemasess        0               1  
Nor             2699            3  
Novak           0               255
Nuevo           0               1  
Nichrom         2732817         25 
Netty           0               1  
Neva            340             2  
Nachak          137             2  
Neyliam         0               1  
Nadia           0               1  
Nyonic          1973150         50 
Narcissus       0               1  
Norman          0               4  
Niessa          344             1  
Nezzra          0               3  
Nightshrike     1990899         21 
Noctis          1208            3  
Nobody          0               5  
Nara            0               3  
Nyobe           3192739         31 
NoLife          0               0  
Nerim           82413           10 
Nekroth         5966            4  
Nikodemus       0               1  
Nighthawk       0               1  
Natsirt         0               1  
Nightbird       1990899         21 
Neddy           8440985         56 
Nightshade      0               2  
Nylar           0               1  
No              0               1  
New             0               1  
Ntest           0               1  
Nitro           0               0  
Nead            0               3  
Nutter          809             1  
Nightfall       0               1  
Nyck            0               1  
Novalie         924910          39 
Nabakov         72899           11 
Ni              35375           10 
Naeos           0               1  
Nikujal         0               0  
Orfem           53396006        84 
Obituary        0               1  
Okay            810             1  
Omen            0               255
Osha            6693456         60 
Ott             802             3  
Ostara          4571977         60 
Orlandox        0               1  
ObiAdigwe       0               3  
Ozymandias      0               1  
Ort             118783          36 
Okhaz           0               1  
Outmeyer        0               3  
Opium           516219          35 
Ojin            205624          16 
Ord             0               1  
Oz              27489           60 
Ortavious       10651634        37 
Olamdir         810             1  
Orotu           164             1  
Oiyvan          0               1  
Oggles          0               1  
Osaka           0               1  
Ogim            22864           9  
Oaertik         123             2  
Oblivion        372             2  
Onegin          106             2  
Odo             1054            4  
Onslaught       0               3  
Percival        0               1  
Pickme          9099            3  
Peppin          417011          21 
Pleyades        0               1  
Pepsi           574455          33 
Praz            0               1  
Plata           0               1  
Pelantas        810             1  
PurplePanzer    0               1  
PsiOps          611899          14 
Peldyn          0               1  
Panga           0               1  
Psiboy          4201111         125
Padji           0               0  
Psycho          24719967        51 
Poff            0               1  
Puck            0               3  
Psion           54050           37 
Paco            2438            4  
Popin           0               1  
Pilat           810             1  
Padraig         0               1  
Pancho          5678            4  
Psicho          20237827        82 
Pinman          0               1  
Pretender       4220            4  
PhantomHolder   16384           7  
Perrin          638876          31 
Paks            36956517        71 
Phil            1604565         35 
Pletor          0               1  
Packrat         1308            5  
Pryoidain       1401310         25 
Parken          173838736       125
Pitu            22              1  
Primo           373666684       125
Piracon         0               3  
Phaide          810             1  
Polk            810             1  
Quataga         358277          22 
Qulgar          40860           8  
Quickining      0               12 
Rukus           0               1  
Rye             4769590         58 
Rhuann          0               1  
Rio             0               3  
Redarcher       0               0  
Renstore        2               1  
Romeo           0               1  
Ramilas         0               1  
Renraku         5553867         50 
Ravenlock       0               3  
Ruin            0               1  
Righteous       18267290        55 
Reako           548052          22 
Redfire         2200            3  
Ruffio          1216699         23 
Ryoko           0               1  
Rufio           108790          19 
Rompetoto       0               1  
Reflex          526             1  
Robert          0               1  
Rachael         348051          16 
Rob             0               1  
River           329             13 
Rodney          0               1  
Rage            0               14 
Rhus            11979999        50 
RIP             0               1  
Regg            0               1  
Rika            0               3  
Ragnar          0               0  
Roscoe          0               1  
Rigel           16              2  
Rudiger         19398           11 
Ruger           912             9  
Rafe            3436947         36 
Reorx           9099            3  
Ryu             55184           10 
Radjabov        32225619        63 
Rei             196             90 
Ravencraft      685924          19 
Rooks           315             7  
Ryath           0               1  
Raydan          1127987         25 
Recils          0               1  
Reya            804             15 
Rasputin        810             1  
Raist           810             1  
Roehan          226             3  
Rufus           2663            5  
Randor          810             1  
Ralnos          0               1  
Riu             0               3  
Renstoree       2               1  
Ruzaal          0               1  
Rexor           10512485        125
Rance           16066828        51 
Rustford        164             1  
Ryuikari        0               1  
Rhyddin         0               1  
RokX            285             1  
Ragnarok        50              3  
Rapscallia      0               1  
Ruben           38814           17 
Rufo            507             2  
Rayne           2699            3  
Rhayz           190374          17 
Raen            112             1  
Rufferto        0               1  
Rhuarc          536             3  
Raz             6100            7  
Ralph           6432            20 
Rumble          9120134         44 
Rand            539             6  
Rossi           1345200         1  
Ryukio          0               1  
Renny           12810150        43 
Reliot          56              1  
Rozen           1962998         127
Redd            7516426         63 
Rahvin          10              11 
Sandria         297973          16 
Selya           0               1  
SainTeaRz       0               1  
Selene          34              1  
Soak            810             1  
Stead           12499           5  
Swert           577             2  
Sherrock        3758            5  
Slide           3385192         40 
Scruggs         0               1  
Sameer          810             21 
Sylvist         565             4  
Suomi           6558000         1  
Sicilian        25807677        63 
Sinj            1478            3  
Swann           260             5  
Sevok           124             1  
Sliksik         305981          18 
Seifer          13127376        70 
Straussy        20              1  
Sulley          674338137       125
Sartak          10728156        1  
Skrymir         0               2  
Splat           37259586        74 
SmithMorra      9099            5  
Sulee           159116289       109
Sandoz          0               1  
Sirak           2273579         23 
Shh             0               0  
Smoosh          48855508        73 
Seragon         1948394         28 
Slugworth       36              3  
Snowball        4599214         38 
Seth            4812            5  
Someone         10695991        40 
Saul            0               1  
Slade           0               3  
Skar            2510037         32 
Swish           175574630       125
Smotch          0               1  
Sonius          146             1  
Safety          0               1  
SilverBlade     0               1  
Sdff            0               1  
Sqwert          0               3  
Stratos         11387           9  
Skif            0               2  
SEEKz           0               1  
Set             17503           7  
Stephan         0               1  
Ssar            96              3  
Stealthlinux    0               1  
Stratusin       103206          9  
Storage         0               1  
Suraz           10997           9  
Sandoval        0               1  
Sark            19119026        123
Sophy           0               1  
Seanna          0               1  
Sarah           4528            5  
Screener        1177129         27 
Sothy           0               2  
Saihung         4609541         50 
Seric           810             1  
Strum           0               1  
Silvereyes      163262          12 
Severis         527             3  
Silk            321758607       118
Sana            718596          18 
Suprane         27774           7  
Sikran          0               0  
Sol             0               4  
Starfarmer      810             1  
Silak           1764331         26 
Sirin           0               9  
Sesshu          25006           8  
Surge           1555910         40 
Shadower        4596            4  
Save            9399600         125
Snargle         0               1  
Seed            1648207         25 
Skydor          1138            4  
Skullan         0               1  
Stef            0               1  
Sanaria         0               1  
Skeeve          96              1  
Strife          810             1  
Samsa           9023            3  
Squares         77              1  
Sasca           154             2  
Shiru           0               1  
Shado           6247870         33 
Smile           0               1  
Shikari         90              1  
Sawyer          17915           9  
Stonge          0               1  
Skyrender       3522            6  
Stranger        0               1  
Savan           438             1  
Seli            506             2  
Sabaris         982482          22 
Syrin           10001993        48 
Seared          0               42 
Siren           0               13 
Snowcone        674338137       125
Skelter         13441210        32 
Sioned          34299           7  
Stilcho         0               1  
Straticus       0               3  
Sareth          264719          15 
Shac            7200            1  
Soldt           1736056         125
Shalstus        0               3  
Sanzo           5053058         33 
Sendricks       0               1  
Solidus         21699           9  
Snick           0               255
Shadowtheif     0               1  
Slinkdraconian  809             1  
Solga           810             1  
Shin            0               1  
Spore           60674           25 
Shaedo          153451          15 
Spinoza         0               4  
Stravos         1717076         27 
Shaft           497             18 
Spot            3499            2  
Seljik          0               1  
Serra           51199           8  
Santokh         810             1  
Saint           48              2  
Sarparte        0               1  
Sereath         3937            5  
Sick            2599099         23 
Sasha           165419          19 
Siege           22712087        57 
Seraph          816596          255
Samuel          0               1  
Sithis          0               1  
Shinji          13673           6  
Shinchan        0               1  
Snails          0               1  
Saif            603849          31 
Silva           800             2  
SolveOmnis      147             2  
Striker         0               3  
Solaar          0               255
Sledge          7393200         1  
Toric           4559383         29 
Tae             0               1  
Thepick         15925           5  
Tester          0               1  
Terik           2471            5  
Tribe           0               0  
Tygen           7               6  
Todeskissen     1773            28 
Tirix           19163340        63 
Tore            0               1  
Tyex            0               3  
Theo            0               1  
Tenda           5553            4  
Tanzrik         0               0  
Tiandrex        0               1  
Trencher        0               1  
Toron           0               1  
Tulia           0               1  
Talon           2082            3  
Tiberius        0               1  
TORIN           0               1  
Trinity         230328          29 
Thanatos        810             1  
Termina         80616           255
Tetsuo          30854           18 
Tristen         0               1  
Tyrvanath       10427           10 
Tighlor         0               1  
Theros          22              1  
Tal             10516641        42 
Trevor          0               1  
Thejerk         0               1  
Tex             10552499        45 
Trunn           0               1  
Tarnis          0               1  
TheSage         0               1  
Toon            4004            125
Track           3851            5  
Tobe            7286681         38 
Trinian         0               11 
Tuatha          6964790         44 
Teotlaco        0               1  
Trigger         17379           9  
Topless         0               1  
Tykas           0               1  
Tino            0               1  
Tennel          544             3  
Taklinn         0               1  
TonyRubak       2731197         31 
Taco            0               1  
Timesies        0               1  
Trot            11              12 
Taran           564590          12 
Takimitsu       1018            4  
Texi            0               3  
Trent           0               1  
Tarnus          182296          18 
Tash            11              10 
Tao             112             4  
Thrain          48075           9  
Tian            8587            18 
Thorcon         28              1  
Thrakun         810             1  
Tavis           0               0  
Tarne           206             2  
Thelena         0               1  
Tradiado        0               1  
Tank            527469          20 
Teth            860             2  
Teeheehee       810             1  
Tarn            10361           23 
Taranto         0               1  
Tad             0               1  
Thunder         17869296        57 
TK              790             2  
Terasmin        0               0  
Twilight        172799          12 
Therion         53              3  
Tarta           0               1  
Trenidy         0               1  
Testtest        0               1  
Torrent         32              3  
Tanga           30810000        100
Tarkin          4724            4  
Themage         0               1  
Timus           0               3  
Tholin          35368659        86 
Tasp            0               1  
Texico          595             2  
Tzuni           45604           7  
Talis           0               1  
Tokisho         765600          26 
Tinkerbell      143020          12 
Tempus          810             1  
Touchofevl      0               1  
TatanZ          7467600         1  
Tam             0               1  
Thelis          0               3  
Uriel           692             4  
Ultane          8246            7  
Utterly         595328          20 
Ugrak           810             1  
Ugluk           0               1  
Uuvarik         1005870         21 
Vorgon          0               1  
Venna           144             2  
Vanity          560             3  
Voss            0               1  
Vault           5375510         23 
Voltash         0               1  
Vike            140             1  
Vrabel          11254           7  
Vegore          810             1  
Verid           1444            3  
Venom           0               1  
Vahn            0               1  
Varido          86              3  
Volkolm         113589          16 
Viccraft        156             2  
Varia           8629489         73 
Vaeryn          57663416        66 
Vivienne        0               1  
Valyr           0               1  
Vish            2213101         25 
Varstrak        810             1  
Valduris        0               2  
Valthalas       81699           17 
Vae             35611           10 
Vlar            2343213         33 
Valzar          11356579        47 
Vashke          9099            3  
Veresk          19380364        64 
Vaeth           0               2  
Vixn            790             2  
Vincent         0               0  
Verazeth        34180           8  
Vyse            0               1  
Vash            0               1  
Vansama         0               0  
Vern            0               1  
Vander          0               9  
VonPrada        40              2  
Wingman         81871           10 
Wierzbicki      6872844         47 
Wolvesbane      176             1  
Wyx             32790           7  
Wulfen          0               1  
Wolfe           18              1  
Weslynt         1573200         1  
Whight          3480501         33 
Wasd            12235           5  
Warcraft        0               5  
Wolfboy         0               1  
What            0               1  
Warrjack        90              2  
Wilhelm         0               1  
Walker          412             1  
Weuxtron        0               1  
Waltzer         19036604        51 
Wully           0               1  
Weln            31398009        60 
Xizan           336             3  
Xume            674338137       125
Xavier          0               1  
Xantrax         1920            3  
Xinal           110             4  
Xenadar         710105          27 
Xenos           0               0  
Xal             3125227         70 
XalRaven        58              1  
Xyg             0               0  
Xeon            15650           15 
Xanthox         0               1  
Yuna            103206          8  
Yaz             1586789         28 
Yosuka          810             1  
Yuri            320387          15 
Ytheria         1080            3  
Yyjik           0               1  
YurrEchire      16              12 
YoMAMMA         0               1  
Yuki            153112          22 
Yuit            126771          11 
Yoake           0               1  
Yurr            24273           7  
Zen             0               1  
Zailek          0               1  
Zeke            810             1  
Zaaryn          92              3  
Zed             459751          20 
Zedd            2911706         32 
Zane            16899           8  
Zai             212             2  
Zamuas          0               0  
Zero            402444          21 
Zarathos        160             3  
Zafron          260             1  
Zee             6598            3  
Zentil          0               1  
Zap             0               1  
Zugger          799             2  
Zoogie          346015567       116
Zariu           0               1  
Zara            0               15 
Zat             1244435         27 
Zapricho        0               1  
Zhetuun         0               1  
Zola            61073           11 
Zoanthro        3019            3  
Zarcon          0               1  
Zelda           4072            4  
Zamorea         0               1  
Zamaeus         0               1  
Zyber           26              3  
Zezam           3863335         33 
Zro             0               3  
